\BOOKMARK [0][-]{chapter*.2}{\376\377\000A\000g\000r\000a\000d\000e\000c\000i\000m\000i\000e\000n\000t\000o\000s}{}% 1
\BOOKMARK [0][-]{chapter*.3}{\376\377\000R\000e\000s\000u\000m\000e\000n}{}% 2
\BOOKMARK [0][-]{chapter*.4}{\376\377\000L\000i\000s\000t\000a\000\040\000d\000e\000\040\000f\000i\000g\000u\000r\000a\000s}{}% 3
\BOOKMARK [0][-]{chapter*.5}{\376\377\000L\000i\000s\000t\000a\000\040\000d\000e\000\040\000t\000a\000b\000l\000a\000s}{}% 4
\BOOKMARK [0][-]{chapter.1}{\376\377\000I\000N\000T\000R\000O\000D\000U\000C\000C\000I\000O\000N}{}% 5
\BOOKMARK [1][-]{section.1.1}{\376\377\000M\000o\000t\000i\000v\000a\000c\000i\000\363\000n}{chapter.1}% 6
\BOOKMARK [2][-]{subsection.1.1.1}{\376\377\000t\000\355\000t\000u\000l\000o}{section.1.1}% 7
\BOOKMARK [1][-]{section.1.2}{\376\377\000O\000b\000j\000e\000t\000i\000v\000o\000s}{chapter.1}% 8
\BOOKMARK [1][-]{section.1.3}{\376\377\000M\000e\000t\000o\000d\000o\000l\000o\000g\000\355\000a\000\040\000y\000\040\000e\000s\000t\000r\000u\000c\000t\000u\000r\000a\000\040\000d\000e\000\040\000l\000a\000\040\000m\000e\000m\000o\000r\000i\000a}{chapter.1}% 9
\BOOKMARK [0][-]{chapter.2}{\376\377\000E\000s\000t\000a\000d\000o\000\040\000d\000e\000l\000\040\000a\000r\000t\000e}{}% 10
\BOOKMARK [1][-]{section.2.1}{\376\377\000E\000C\000G}{chapter.2}% 11
\BOOKMARK [1][-]{section.2.2}{\376\377\000V\000F\000C\000,\000S\000a\000m\000p\000E\000n\000,\000M\000S\000E\000,\000T\000I}{chapter.2}% 12
\BOOKMARK [1][-]{section.2.3}{\376\377\000F\000A}{chapter.2}% 13
\BOOKMARK [1][-]{section.2.4}{\376\377\000T\000\351\000c\000n\000i\000c\000a\000s\000\040\000d\000e\000\040\000M\000L}{chapter.2}% 14
\BOOKMARK [2][-]{subsection.2.4.1}{\376\377\000N\000a\000i\000v\000e\000\040\000B\000a\000y\000e\000s}{section.2.4}% 15
\BOOKMARK [2][-]{subsection.2.4.2}{\376\377\000.\000.\000.}{section.2.4}% 16
\BOOKMARK [2][-]{subsection.2.4.3}{\376\377\000A\000s\000p\000e\000c\000t\000o\000s\000\040\000p\000r\000\341\000c\000t\000i\000c\000o\000s}{section.2.4}% 17
\BOOKMARK [0][-]{chapter.3}{\376\377\000D\000e\000s\000c\000r\000i\000p\000c\000i\000\363\000n\000\040\000d\000e\000\040\000d\000a\000t\000o\000s}{}% 18
\BOOKMARK [0][-]{chapter.4}{\376\377\000E\000x\000p\000e\000r\000i\000m\000e\000n\000t\000o\000s}{}% 19
\BOOKMARK [1][-]{section.4.1}{\376\377\0001}{chapter.4}% 20
\BOOKMARK [1][-]{section.4.2}{\376\377\0002}{chapter.4}% 21
\BOOKMARK [0][-]{chapter.5}{\376\377\000R\000e\000s\000u\000l\000t\000a\000d\000o\000s}{}% 22
\BOOKMARK [1][-]{section.5.1}{\376\377\000E\000x\000p\000e\000r\000i\000m\000e\000n\000t\000o\000\040\0001}{chapter.5}% 23
\BOOKMARK [1][-]{section.5.2}{\376\377\000E\000x\000p\000e\000r\000i\000m\000e\000n\000t\000o\000\040\0002}{chapter.5}% 24
\BOOKMARK [1][-]{section.5.3}{\376\377\000.\000.\000.\000.}{chapter.5}% 25
\BOOKMARK [0][-]{chapter.6}{\376\377\000C\000o\000n\000c\000l\000u\000s\000i\000o\000n\000e\000s}{}% 26
